Build started 19.08.2015 19:51:43.
     1>Project "C:\Users\Олексій\Documents\Visual Studio 2013\Projects\Lab_2_1\ConsoleApplication20\ConsoleApplication20.vcxproj" on node 2 (Build target(s)).
     1>ClCompile:
         C:\Program Files (x86)\Microsoft Visual Studio 14.0\VC\bin\CL.exe /c /I"C:\Program Files (x86)\Visual Leak Detector\include" /ZI /nologo /W3 /WX- /sdl /Od /Oy- /D WIN32 /D _DEBUG /D _CONSOLE /D _LIB /D _UNICODE /D UNICODE /Gm /EHsc /RTC1 /MDd /GS /fp:precise /Zc:wchar_t /Zc:forScope /Zc:inline /Fo"Debug\\" /Fd"Debug\vc140.pdb" /Gd /TP /analyze- /errorReport:prompt main.cpp Student.cpp User_request.cpp
         User_request.cpp
         Student.cpp
         main.cpp
     1>c:\users\олексій\documents\visual studio 2013\projects\lab_2_1\consoleapplication20\main.cpp(14): warning C4244: 'argument': conversion from 'time_t' to 'unsigned int', possible loss of data
     1>c:\users\олексій\documents\visual studio 2013\projects\lab_2_1\consoleapplication20\main.cpp(12): warning C4101: 'choose': unreferenced local variable
         Generating Code...
       Link:
         C:\Program Files (x86)\Microsoft Visual Studio 14.0\VC\bin\link.exe /ERRORREPORT:PROMPT /OUT:"C:\Users\Олексій\Documents\Visual Studio 2013\Projects\Lab_2_1\Debug\ConsoleApplication20.exe" /INCREMENTAL /NOLOGO /LIBPATH:"C:\Program Files (x86)\Visual Leak Detector\lib\Win32" kernel32.lib user32.lib gdi32.lib winspool.lib comdlg32.lib advapi32.lib shell32.lib ole32.lib oleaut32.lib uuid.lib odbc32.lib odbccp32.lib /MANIFEST /MANIFESTUAC:"level='asInvoker' uiAccess='false'" /manifest:embed /Debug /PDB:"C:\Users\Олексій\Documents\Visual Studio 2013\Projects\Lab_2_1\Debug\ConsoleApplication20.pdb" /SUBSYSTEM:CONSOLE /TLBID:1 /DYNAMICBASE /NXCOMPAT /IMPLIB:"C:\Users\Олексій\Documents\Visual Studio 2013\Projects\Lab_2_1\Debug\ConsoleApplication20.lib" /MACHINE:X86 Debug\main.obj
         Debug\Student.obj
         Debug\User_request.obj
     1>main.obj : error LNK2019: unresolved external symbol "public: __thiscall Student::Student(void)" (??0Student@@QAE@XZ) referenced in function _main
     1>User_request.obj : error LNK2001: unresolved external symbol "public: __thiscall Student::Student(void)" (??0Student@@QAE@XZ)
     1>C:\Users\Олексій\Documents\Visual Studio 2013\Projects\Lab_2_1\Debug\ConsoleApplication20.exe : fatal error LNK1120: 1 unresolved externals
     1>Done Building Project "C:\Users\Олексій\Documents\Visual Studio 2013\Projects\Lab_2_1\ConsoleApplication20\ConsoleApplication20.vcxproj" (Build target(s)) -- FAILED.

Build FAILED.

Time Elapsed 00:00:10.63
