Build started 23.02.2014 19:43:34.
     1>Project "c:\Users\Олексій\documents\visual studio 2013\Projects\lab9\lab9\lab9.vcxproj" on node 2 (Build target(s)).
     1>Link:
         C:\Program Files (x86)\Microsoft Visual Studio 12.0\VC\bin\link.exe /ERRORREPORT:PROMPT /OUT:"c:\users\олексій\documents\visual studio 2013\Projects\lab9\Debug\lab9.exe" /INCREMENTAL /NOLOGO kernel32.lib user32.lib gdi32.lib winspool.lib comdlg32.lib advapi32.lib shell32.lib ole32.lib oleaut32.lib uuid.lib odbc32.lib odbccp32.lib /MANIFEST /MANIFESTUAC:"level='asInvoker' uiAccess='false'" /manifest:embed /DEBUG /PDB:"c:\users\олексій\documents\visual studio 2013\Projects\lab9\Debug\lab9.pdb" /SUBSYSTEM:CONSOLE /TLBID:1 /DYNAMICBASE /NXCOMPAT /IMPLIB:"c:\users\олексій\documents\visual studio 2013\Projects\lab9\Debug\lab9.lib" /MACHINE:X86 Debug\Source.obj
     1>LINK : fatal error LNK1168: cannot open c:\users\олексій\documents\visual studio 2013\Projects\lab9\Debug\lab9.exe for writing
     1>Done Building Project "c:\Users\Олексій\documents\visual studio 2013\Projects\lab9\lab9\lab9.vcxproj" (Build target(s)) -- FAILED.

Build FAILED.

Time Elapsed 00:00:00.08
